<?xml version="1.0" encoding="UTF-8"?>
<testsuite xmlns:xsi="http://www.w3.org/2001/XMLSchema-instance" xsi:noNamespaceSchemaLocation="https://maven.apache.org/surefire/maven-surefire-plugin/xsd/surefire-test-report-3.0.xsd" version="3.0" name="implementaciones.ArrayListTest" time="0.096" tests="11" errors="5" skipped="0" failures="0">
  <properties>
[...]
</properties>
  <testcase name="testGet" classname="implementaciones.ArrayListTest" time="0.033">
    <error message="Lista vacia" type="excepciones.ListException"><![CDATA[excepciones.ListException: Lista vacia
	at implementaciones.ArrayList.get(ArrayList.java:192)
	at implementaciones.ArrayListTest.testGet(ArrayListTest.java:128)
	at java.base/java.lang.reflect.Method.invoke(Method.java:580)
	at java.base/java.util.ArrayList.forEach(ArrayList.java:1597)
	at java.base/java.util.ArrayList.forEach(ArrayList.java:1597)
]]></error>
    <system-out><![CDATA[get
]]></system-out>
  </testcase>
  <testcase name="testSet" classname="implementaciones.ArrayListTest" time="0.003">
    <error message="Lista vacia" type="excepciones.ListException"><![CDATA[excepciones.ListException: Lista vacia
	at implementaciones.ArrayList.set(ArrayList.java:29)
	at implementaciones.ArrayListTest.testSet(ArrayListTest.java:45)
	at java.base/java.lang.reflect.Method.invoke(Method.java:580)
	at java.base/java.util.ArrayList.forEach(ArrayList.java:1597)
	at java.base/java.util.ArrayList.forEach(ArrayList.java:1597)
]]></error>
    <system-out><![CDATA[set
]]></system-out>
  </testcase>
  <testcase name="testRemove_GenericType" classname="implementaciones.ArrayListTest" time="0.002">
    <error message="Lista vacia" type="excepciones.ListException"><![CDATA[excepciones.ListException: Lista vacia
	at implementaciones.ArrayList.remove(ArrayList.java:48)
	at implementaciones.ArrayListTest.testRemove_GenericType(ArrayListTest.java:59)
	at java.base/java.lang.reflect.Method.invoke(Method.java:580)
	at java.base/java.util.ArrayList.forEach(ArrayList.java:1597)
	at java.base/java.util.ArrayList.forEach(ArrayList.java:1597)
]]></error>
    <system-out><![CDATA[remove
]]></system-out>
  </testcase>
  <testcase name="testClear" classname="implementaciones.ArrayListTest" time="0.002">
    <system-out><![CDATA[clear
]]></system-out>
  </testcase>
  <testcase name="testEmpty" classname="implementaciones.ArrayListTest" time="0.007">
    <system-out><![CDATA[empty
]]></system-out>
  </testcase>
  <testcase name="testSize" classname="implementaciones.ArrayListTest" time="0.001">
    <system-out><![CDATA[size
]]></system-out>
  </testcase>
  <testcase name="testToString" classname="implementaciones.ArrayListTest" time="0.001">
    <system-out><![CDATA[toString
]]></system-out>
  </testcase>
  <testcase name="testRemove_int" classname="implementaciones.ArrayListTest" time="0.003">
    <error message="Lista vacia" type="excepciones.ListException"><![CDATA[excepciones.ListException: Lista vacia
	at implementaciones.ArrayList.get(ArrayList.java:192)
	at implementaciones.ArrayList.remove(ArrayList.java:207)
	at implementaciones.ArrayListTest.testRemove_int(ArrayListTest.java:143)
	at java.base/java.lang.reflect.Method.invoke(Method.java:580)
	at java.base/java.util.ArrayList.forEach(ArrayList.java:1597)
	at java.base/java.util.ArrayList.forEach(ArrayList.java:1597)
]]></error>
    <system-out><![CDATA[remove
]]></system-out>
  </testcase>
  <testcase name="testAppend" classname="implementaciones.ArrayListTest" time="0.001">
    <system-out><![CDATA[append
]]></system-out>
  </testcase>
  <testcase name="testInsert" classname="implementaciones.ArrayListTest" time="0.002">
    <system-out><![CDATA[insert
]]></system-out>
  </testcase>
  <testcase name="testIndexOf" classname="implementaciones.ArrayListTest" time="0.002">
    <error message="Lista vacia" type="excepciones.ListException"><![CDATA[excepciones.ListException: Lista vacia
	at implementaciones.ArrayList.indexOf(ArrayList.java:74)
	at implementaciones.ArrayListTest.testIndexOf(ArrayListTest.java:74)
	at java.base/java.lang.reflect.Method.invoke(Method.java:580)
	at java.base/java.util.ArrayList.forEach(ArrayList.java:1597)
	at java.base/java.util.ArrayList.forEach(ArrayList.java:1597)
]]></error>
    <system-out><![CDATA[indexOf
]]></system-out>
  </testcase>
</testsuite>