<?xml version="1.0" encoding="UTF-8"?>
<testsuite xmlns:xsi="http://www.w3.org/2001/XMLSchema-instance" xsi:noNamespaceSchemaLocation="https://maven.apache.org/surefire/maven-surefire-plugin/xsd/surefire-test-report-3.0.xsd" version="3.0" name="implementaciones.ArrayListTest" time="0.079" tests="11" errors="0" skipped="0" failures="0">
  <properties>
[...]
</properties>
  <testcase name="testGet" classname="implementaciones.ArrayListTest" time="0.03">
    <system-out><![CDATA[get
]]></system-out>
  </testcase>
  <testcase name="testSet" classname="implementaciones.ArrayListTest" time="0.001">
    <system-out><![CDATA[set
]]></system-out>
  </testcase>
  <testcase name="testRemove_GenericType" classname="implementaciones.ArrayListTest" time="0.002">
    <system-out><![CDATA[remove
]]></system-out>
  </testcase>
  <testcase name="testClear" classname="implementaciones.ArrayListTest" time="0.001">
    <system-out><![CDATA[clear
]]></system-out>
  </testcase>
  <testcase name="testEmpty" classname="implementaciones.ArrayListTest" time="0.002">
    <system-out><![CDATA[empty
]]></system-out>
  </testcase>
  <testcase name="testSize" classname="implementaciones.ArrayListTest" time="0.001">
    <system-out><![CDATA[size
]]></system-out>
  </testcase>
  <testcase name="testToString" classname="implementaciones.ArrayListTest" time="0.001">
    <system-out><![CDATA[toString
]]></system-out>
  </testcase>
  <testcase name="testRemove_int" classname="implementaciones.ArrayListTest" time="0.001">
    <system-out><![CDATA[remove
]]></system-out>
  </testcase>
  <testcase name="testAppend" classname="implementaciones.ArrayListTest" time="0.001">
    <system-out><![CDATA[append
]]></system-out>
  </testcase>
  <testcase name="testInsert" classname="implementaciones.ArrayListTest" time="0.001">
    <system-out><![CDATA[insert
]]></system-out>
  </testcase>
  <testcase name="testIndexOf" classname="implementaciones.ArrayListTest" time="0.001">
    <system-out><![CDATA[indexOf
]]></system-out>
  </testcase>
</testsuite>